<?xml version="1.0" encoding="UTF-8"?>
<!-- Generated by org.testng.reporters.JUnitReportReporter -->
<testsuite hostname="Kavitha" failures="0" tests="3" name="DDT_Practice_AS.DataProviderUsage" time="0.018" errors="0" timestamp="2025-03-25T20:52:00 IST" skipped="0">
  <testcase classname="DDT_Practice_AS.DataProviderUsage" name="testCase" time="0.006"/>
  <testcase classname="DDT_Practice_AS.DataProviderUsage" name="testCase" time="0.011"/>
  <testcase classname="DDT_Practice_AS.DataProviderUsage" name="testCase" time="0.001"/>
</testsuite> <!-- DDT_Practice_AS.DataProviderUsage -->
