<?xml version="1.0" encoding="UTF-8"?>
<!-- Generated by org.testng.reporters.JUnitReportReporter -->
<testsuite hostname="Kavitha" failures="0" tests="1" name="Contacts.CreateContactsTest" time="35.998" errors="0" timestamp="2025-04-04T20:34:55 IST" skipped="0">
  <testcase classname="Contacts.CreateContactsTest" name="createContactWithCampaignTest" time="35.998">
    <system-out>
      <![CDATA[contact Smith_3979 added successfully]]>
    </system-out>
  </testcase> <!-- createContactWithCampaignTest -->
  <system-out>
    <![CDATA[contact Smith_3979 added successfully]]>
  </system-out>
</testsuite> <!-- Contacts.CreateContactsTest -->
