<?xml version="1.0" encoding="UTF-8"?>
<!-- Generated by org.testng.reporters.JUnitReportReporter -->
<testsuite hostname="Kavitha" failures="0" tests="1" name="Products.Create_AddProductsTest" time="23.435" errors="0" timestamp="2025-03-29T21:02:54 IST" skipped="0">
  <testcase classname="Products.Create_AddProductsTest" name="createProductTest" time="23.435">
    <system-out>
      <![CDATA[Product Laptop5956 added successfully]]>
    </system-out>
  </testcase> <!-- createProductTest -->
  <system-out>
    <![CDATA[contact Smith_2017 added successfully
Product Laptop5956 added successfully
Validation is passed
campaign Banner118262 added successfully
campaign Banner114108 added successfully]]>
  </system-out>
</testsuite> <!-- Products.Create_AddProductsTest -->
