<?xml version="1.0" encoding="UTF-8"?>
<!-- Generated by org.testng.reporters.JUnitReportReporter -->
<testsuite hostname="Kavitha" failures="0" tests="1" name="Products.Create_AddProductsTest" time="23.256" errors="0" timestamp="2025-04-04T20:36:11 IST" skipped="0">
  <testcase classname="Products.Create_AddProductsTest" name="addProductTest" time="23.256">
    <system-out>
      <![CDATA[Product Laptop8113 added successfully]]>
    </system-out>
  </testcase> <!-- addProductTest -->
  <system-out>
    <![CDATA[Product Laptop8113 added successfully]]>
  </system-out>
</testsuite> <!-- Products.Create_AddProductsTest -->
