<?xml version="1.0" encoding="UTF-8"?>
<!-- Generated by org.testng.reporters.JUnitReportReporter -->
<testsuite hostname="Kavitha" failures="0" tests="1" name="Contacts.CreateContactsTest" time="41.573" errors="0" timestamp="2025-03-29T21:02:54 IST" skipped="0">
  <testcase classname="Contacts.CreateContactsTest" name="createContactWithCampaignTest" time="41.573">
    <system-out>
      <![CDATA[contact Smith_2017 added successfully]]>
    </system-out>
  </testcase> <!-- createContactWithCampaignTest -->
  <system-out>
    <![CDATA[contact Smith_2017 added successfully
Product Laptop5956 added successfully
Validation is passed
campaign Banner118262 added successfully
campaign Banner114108 added successfully]]>
  </system-out>
</testsuite> <!-- Contacts.CreateContactsTest -->
