<?xml version="1.0" encoding="UTF-8"?>
<!-- Generated by org.testng.reporters.JUnitReportReporter -->
<testsuite hostname="Kavitha" failures="0" tests="2" name="CampaignTest.CreateCampaignWithMandatoryFieldsTest" time="47.574" errors="0" timestamp="2025-03-29T21:02:54 IST" skipped="0">
  <testcase classname="CampaignTest.CreateCampaignWithMandatoryFieldsTest" name="createCampaignWithDateTest" time="25.929">
    <system-out>
      <![CDATA[campaign Banner114108 added successfully]]>
    </system-out>
  </testcase> <!-- createCampaignWithDateTest -->
  <testcase classname="CampaignTest.CreateCampaignWithMandatoryFieldsTest" name="createCampaignTest" time="21.645">
    <system-out>
      <![CDATA[campaign Banner118262 added successfully]]>
    </system-out>
  </testcase> <!-- createCampaignTest -->
  <system-out>
    <![CDATA[contact Smith_2017 added successfully
Product Laptop5956 added successfully
Validation is passed
campaign Banner118262 added successfully
campaign Banner114108 added successfully]]>
  </system-out>
</testsuite> <!-- CampaignTest.CreateCampaignWithMandatoryFieldsTest -->
