<?xml version="1.0" encoding="UTF-8"?>
<!-- Generated by org.testng.reporters.JUnitReportReporter -->
<testsuite hostname="Kavitha" failures="0" tests="2" name="CampaignTest.CreateCampaignWithMandatoryFieldsTest" time="44.685" errors="0" timestamp="2025-04-04T20:33:58 IST" skipped="0">
  <testcase classname="CampaignTest.CreateCampaignWithMandatoryFieldsTest" name="createCampaignTest" time="22.038">
    <system-out>
      <![CDATA[campaign Banner116058 added successfully]]>
    </system-out>
  </testcase> <!-- createCampaignTest -->
  <testcase classname="CampaignTest.CreateCampaignWithMandatoryFieldsTest" name="createCampaignWithCloseDateTest" time="22.647">
    <system-out>
      <![CDATA[campaign Banner111184 added successfully]]>
    </system-out>
  </testcase> <!-- createCampaignWithCloseDateTest -->
  <system-out>
    <![CDATA[campaign Banner116058 added successfully
campaign Banner111184 added successfully]]>
  </system-out>
</testsuite> <!-- CampaignTest.CreateCampaignWithMandatoryFieldsTest -->
