<?xml version="1.0" encoding="UTF-8"?>
<!-- Generated by org.testng.reporters.JUnitReportReporter -->
<testsuite hostname="Kavitha" failures="0" tests="1" name="Login.LoginTest" time="10.636" errors="0" timestamp="2025-04-04T20:35:32 IST" skipped="0">
  <testcase classname="Login.LoginTest" name="createLoginTest" time="10.636">
    <system-out>
      <![CDATA[Validation is passed]]>
    </system-out>
  </testcase> <!-- createLoginTest -->
  <system-out>
    <![CDATA[Validation is passed]]>
  </system-out>
</testsuite> <!-- Login.LoginTest -->
